[46] Log opened at 2021-05-30 15:27:58.140160
[46] [Step Debug] INFO: Checking remote connect back address.
[46] [Step Debug] INFO: Checking header 'HTTP_X_FORWARDED_FOR'.
[46] [Step Debug] INFO: Checking header 'REMOTE_ADDR'.
[46] [Step Debug] WARN: Could not discover client host through HTTP headers, connecting to configured address/port: host.docker.internal:9003. :-|
[46] [Step Debug] ERR: Time-out connecting to debugging client, waited: 200 ms. Tried: host.docker.internal:9003 (fallback through xdebug.client_host/xdebug.client_port) :-(
[46] [Step Debug] INFO: Checking remote connect back address.
[46] [Step Debug] INFO: Checking header 'HTTP_X_FORWARDED_FOR'.
[46] [Step Debug] INFO: Checking header 'REMOTE_ADDR'.
[46] [Step Debug] WARN: Could not discover client host through HTTP headers, connecting to configured address/port: host.docker.internal:9003. :-|
[46] [Step Debug] ERR: Time-out connecting to debugging client, waited: 200 ms. Tried: host.docker.internal:9003 (fallback through xdebug.client_host/xdebug.client_port) :-(
[46] [Step Debug] INFO: Checking remote connect back address.
[46] [Step Debug] INFO: Checking header 'HTTP_X_FORWARDED_FOR'.
[46] [Step Debug] INFO: Checking header 'REMOTE_ADDR'.
[46] [Step Debug] WARN: Could not discover client host through HTTP headers, connecting to configured address/port: host.docker.internal:9003. :-|
[46] [Step Debug] ERR: Time-out connecting to debugging client, waited: 200 ms. Tried: host.docker.internal:9003 (fallback through xdebug.client_host/xdebug.client_port) :-(
[46] Log closed at 2021-05-30 15:27:59.577052

[50] Log opened at 2021-05-30 15:28:54.052645
[50] [Step Debug] INFO: Checking remote connect back address.
[50] [Step Debug] INFO: Checking header 'HTTP_X_FORWARDED_FOR'.
[50] [Step Debug] INFO: Checking header 'REMOTE_ADDR'.
[50] [Step Debug] WARN: Could not discover client host through HTTP headers, connecting to configured address/port: host.docker.internal:9003. :-|
[50] [Step Debug] ERR: Time-out connecting to debugging client, waited: 200 ms. Tried: host.docker.internal:9003 (fallback through xdebug.client_host/xdebug.client_port) :-(
[50] [Step Debug] INFO: Checking remote connect back address.
[50] [Step Debug] INFO: Checking header 'HTTP_X_FORWARDED_FOR'.
[50] [Step Debug] INFO: Checking header 'REMOTE_ADDR'.
[50] [Step Debug] WARN: Could not discover client host through HTTP headers, connecting to configured address/port: host.docker.internal:9003. :-|
[50] [Step Debug] ERR: Time-out connecting to debugging client, waited: 200 ms. Tried: host.docker.internal:9003 (fallback through xdebug.client_host/xdebug.client_port) :-(
[50] [Step Debug] INFO: Checking remote connect back address.
[50] [Step Debug] INFO: Checking header 'HTTP_X_FORWARDED_FOR'.
[50] [Step Debug] INFO: Checking header 'REMOTE_ADDR'.
[50] [Step Debug] WARN: Could not discover client host through HTTP headers, connecting to configured address/port: host.docker.internal:9003. :-|
[50] [Step Debug] ERR: Time-out connecting to debugging client, waited: 200 ms. Tried: host.docker.internal:9003 (fallback through xdebug.client_host/xdebug.client_port) :-(
[50] [Step Debug] INFO: Checking remote connect back address.
[50] [Step Debug] INFO: Checking header 'HTTP_X_FORWARDED_FOR'.
[50] [Step Debug] INFO: Checking header 'REMOTE_ADDR'.
[50] [Step Debug] WARN: Could not discover client host through HTTP headers, connecting to configured address/port: host.docker.internal:9003. :-|
[50] [Step Debug] ERR: Time-out connecting to debugging client, waited: 200 ms. Tried: host.docker.internal:9003 (fallback through xdebug.client_host/xdebug.client_port) :-(
[50] [Step Debug] INFO: Checking remote connect back address.
[50] [Step Debug] INFO: Checking header 'HTTP_X_FORWARDED_FOR'.
[50] [Step Debug] INFO: Checking header 'REMOTE_ADDR'.
[50] [Step Debug] WARN: Could not discover client host through HTTP headers, connecting to configured address/port: host.docker.internal:9003. :-|
[50] [Step Debug] ERR: Time-out connecting to debugging client, waited: 200 ms. Tried: host.docker.internal:9003 (fallback through xdebug.client_host/xdebug.client_port) :-(
[50] Log closed at 2021-05-30 15:28:56.414918

[54] Log opened at 2021-05-30 15:29:20.449948
[54] [Step Debug] INFO: Checking remote connect back address.
[54] [Step Debug] INFO: Checking header 'HTTP_X_FORWARDED_FOR'.
[54] [Step Debug] INFO: Checking header 'REMOTE_ADDR'.
[54] [Step Debug] WARN: Could not discover client host through HTTP headers, connecting to configured address/port: host.docker.internal:9003. :-|
[54] [Step Debug] ERR: Time-out connecting to debugging client, waited: 200 ms. Tried: host.docker.internal:9003 (fallback through xdebug.client_host/xdebug.client_port) :-(
[54] [Step Debug] INFO: Checking remote connect back address.
[54] [Step Debug] INFO: Checking header 'HTTP_X_FORWARDED_FOR'.
[54] [Step Debug] INFO: Checking header 'REMOTE_ADDR'.
[54] [Step Debug] WARN: Could not discover client host through HTTP headers, connecting to configured address/port: host.docker.internal:9003. :-|
[54] [Step Debug] ERR: Time-out connecting to debugging client, waited: 200 ms. Tried: host.docker.internal:9003 (fallback through xdebug.client_host/xdebug.client_port) :-(
[54] [Step Debug] INFO: Checking remote connect back address.
[54] [Step Debug] INFO: Checking header 'HTTP_X_FORWARDED_FOR'.
[54] [Step Debug] INFO: Checking header 'REMOTE_ADDR'.
[54] [Step Debug] WARN: Could not discover client host through HTTP headers, connecting to configured address/port: host.docker.internal:9003. :-|
[54] [Step Debug] ERR: Time-out connecting to debugging client, waited: 200 ms. Tried: host.docker.internal:9003 (fallback through xdebug.client_host/xdebug.client_port) :-(
[54] [Step Debug] INFO: Checking remote connect back address.
[54] [Step Debug] INFO: Checking header 'HTTP_X_FORWARDED_FOR'.
[54] [Step Debug] INFO: Checking header 'REMOTE_ADDR'.
[54] [Step Debug] WARN: Could not discover client host through HTTP headers, connecting to configured address/port: host.docker.internal:9003. :-|
[54] [Step Debug] ERR: Time-out connecting to debugging client, waited: 200 ms. Tried: host.docker.internal:9003 (fallback through xdebug.client_host/xdebug.client_port) :-(
[54] [Step Debug] INFO: Checking remote connect back address.
[54] [Step Debug] INFO: Checking header 'HTTP_X_FORWARDED_FOR'.
[54] [Step Debug] INFO: Checking header 'REMOTE_ADDR'.
[54] [Step Debug] WARN: Could not discover client host through HTTP headers, connecting to configured address/port: host.docker.internal:9003. :-|
[54] [Step Debug] ERR: Time-out connecting to debugging client, waited: 200 ms. Tried: host.docker.internal:9003 (fallback through xdebug.client_host/xdebug.client_port) :-(
[54] Log closed at 2021-05-30 15:29:22.952825

[59] Log opened at 2021-05-30 15:29:34.884414
[59] [Step Debug] INFO: Checking remote connect back address.
[59] [Step Debug] INFO: Checking header 'HTTP_X_FORWARDED_FOR'.
[59] [Step Debug] INFO: Checking header 'REMOTE_ADDR'.
[59] [Step Debug] WARN: Could not discover client host through HTTP headers, connecting to configured address/port: host.docker.internal:9003. :-|
[59] [Step Debug] ERR: Time-out connecting to debugging client, waited: 200 ms. Tried: host.docker.internal:9003 (fallback through xdebug.client_host/xdebug.client_port) :-(
[59] [Step Debug] INFO: Checking remote connect back address.
[59] [Step Debug] INFO: Checking header 'HTTP_X_FORWARDED_FOR'.
[59] [Step Debug] INFO: Checking header 'REMOTE_ADDR'.
[59] [Step Debug] WARN: Could not discover client host through HTTP headers, connecting to configured address/port: host.docker.internal:9003. :-|
[59] [Step Debug] ERR: Time-out connecting to debugging client, waited: 200 ms. Tried: host.docker.internal:9003 (fallback through xdebug.client_host/xdebug.client_port) :-(
[59] [Step Debug] INFO: Checking remote connect back address.
[59] [Step Debug] INFO: Checking header 'HTTP_X_FORWARDED_FOR'.
[59] [Step Debug] INFO: Checking header 'REMOTE_ADDR'.
[59] [Step Debug] WARN: Could not discover client host through HTTP headers, connecting to configured address/port: host.docker.internal:9003. :-|
[59] [Step Debug] ERR: Time-out connecting to debugging client, waited: 200 ms. Tried: host.docker.internal:9003 (fallback through xdebug.client_host/xdebug.client_port) :-(
[59] Log closed at 2021-05-30 15:29:36.244452

[63] Log opened at 2021-05-30 15:29:38.710946
[63] [Step Debug] INFO: Checking remote connect back address.
[63] [Step Debug] INFO: Checking header 'HTTP_X_FORWARDED_FOR'.
[63] [Step Debug] INFO: Checking header 'REMOTE_ADDR'.
[63] [Step Debug] WARN: Could not discover client host through HTTP headers, connecting to configured address/port: host.docker.internal:9003. :-|
[63] [Step Debug] ERR: Time-out connecting to debugging client, waited: 200 ms. Tried: host.docker.internal:9003 (fallback through xdebug.client_host/xdebug.client_port) :-(
[63] [Step Debug] INFO: Checking remote connect back address.
[63] [Step Debug] INFO: Checking header 'HTTP_X_FORWARDED_FOR'.
[63] [Step Debug] INFO: Checking header 'REMOTE_ADDR'.
[63] [Step Debug] WARN: Could not discover client host through HTTP headers, connecting to configured address/port: host.docker.internal:9003. :-|
[63] [Step Debug] ERR: Time-out connecting to debugging client, waited: 200 ms. Tried: host.docker.internal:9003 (fallback through xdebug.client_host/xdebug.client_port) :-(
[63] [Step Debug] INFO: Checking remote connect back address.
[63] [Step Debug] INFO: Checking header 'HTTP_X_FORWARDED_FOR'.
[63] [Step Debug] INFO: Checking header 'REMOTE_ADDR'.
[63] [Step Debug] WARN: Could not discover client host through HTTP headers, connecting to configured address/port: host.docker.internal:9003. :-|
[63] [Step Debug] ERR: Time-out connecting to debugging client, waited: 200 ms. Tried: host.docker.internal:9003 (fallback through xdebug.client_host/xdebug.client_port) :-(
[63] [Step Debug] INFO: Checking remote connect back address.
[63] [Step Debug] INFO: Checking header 'HTTP_X_FORWARDED_FOR'.
[63] [Step Debug] INFO: Checking header 'REMOTE_ADDR'.
[63] [Step Debug] WARN: Could not discover client host through HTTP headers, connecting to configured address/port: host.docker.internal:9003. :-|
[63] [Step Debug] ERR: Time-out connecting to debugging client, waited: 200 ms. Tried: host.docker.internal:9003 (fallback through xdebug.client_host/xdebug.client_port) :-(
[63] [Step Debug] INFO: Checking remote connect back address.
[63] [Step Debug] INFO: Checking header 'HTTP_X_FORWARDED_FOR'.
[63] [Step Debug] INFO: Checking header 'REMOTE_ADDR'.
[63] [Step Debug] WARN: Could not discover client host through HTTP headers, connecting to configured address/port: host.docker.internal:9003. :-|
[63] [Step Debug] ERR: Time-out connecting to debugging client, waited: 200 ms. Tried: host.docker.internal:9003 (fallback through xdebug.client_host/xdebug.client_port) :-(
[63] Log closed at 2021-05-30 15:29:40.303323

[67] Log opened at 2021-05-30 15:30:02.568398
[67] [Step Debug] INFO: Checking remote connect back address.
[67] [Step Debug] INFO: Checking header 'HTTP_X_FORWARDED_FOR'.
[67] [Step Debug] INFO: Checking header 'REMOTE_ADDR'.
[67] [Step Debug] WARN: Could not discover client host through HTTP headers, connecting to configured address/port: host.docker.internal:9003. :-|
[67] [Step Debug] ERR: Time-out connecting to debugging client, waited: 200 ms. Tried: host.docker.internal:9003 (fallback through xdebug.client_host/xdebug.client_port) :-(
[67] [Step Debug] INFO: Checking remote connect back address.
[67] [Step Debug] INFO: Checking header 'HTTP_X_FORWARDED_FOR'.
[67] [Step Debug] INFO: Checking header 'REMOTE_ADDR'.
[67] [Step Debug] WARN: Could not discover client host through HTTP headers, connecting to configured address/port: host.docker.internal:9003. :-|
[67] [Step Debug] ERR: Time-out connecting to debugging client, waited: 200 ms. Tried: host.docker.internal:9003 (fallback through xdebug.client_host/xdebug.client_port) :-(
[67] [Step Debug] INFO: Checking remote connect back address.
[67] [Step Debug] INFO: Checking header 'HTTP_X_FORWARDED_FOR'.
[67] [Step Debug] INFO: Checking header 'REMOTE_ADDR'.
[67] [Step Debug] WARN: Could not discover client host through HTTP headers, connecting to configured address/port: host.docker.internal:9003. :-|
[67] [Step Debug] ERR: Time-out connecting to debugging client, waited: 200 ms. Tried: host.docker.internal:9003 (fallback through xdebug.client_host/xdebug.client_port) :-(
[67] Log closed at 2021-05-30 15:30:03.640023

[71] Log opened at 2021-05-30 15:32:13.326352
[71] [Step Debug] INFO: Checking remote connect back address.
[71] [Step Debug] INFO: Checking header 'HTTP_X_FORWARDED_FOR'.
[71] [Step Debug] INFO: Checking header 'REMOTE_ADDR'.
[71] [Step Debug] WARN: Could not discover client host through HTTP headers, connecting to configured address/port: host.docker.internal:9003. :-|
[71] [Step Debug] ERR: Time-out connecting to debugging client, waited: 200 ms. Tried: host.docker.internal:9003 (fallback through xdebug.client_host/xdebug.client_port) :-(
[71] [Step Debug] INFO: Checking remote connect back address.
[71] [Step Debug] INFO: Checking header 'HTTP_X_FORWARDED_FOR'.
[71] [Step Debug] INFO: Checking header 'REMOTE_ADDR'.
[71] [Step Debug] WARN: Could not discover client host through HTTP headers, connecting to configured address/port: host.docker.internal:9003. :-|
[71] [Step Debug] ERR: Time-out connecting to debugging client, waited: 200 ms. Tried: host.docker.internal:9003 (fallback through xdebug.client_host/xdebug.client_port) :-(
[71] [Step Debug] INFO: Checking remote connect back address.
[71] [Step Debug] INFO: Checking header 'HTTP_X_FORWARDED_FOR'.
[71] [Step Debug] INFO: Checking header 'REMOTE_ADDR'.
[71] [Step Debug] WARN: Could not discover client host through HTTP headers, connecting to configured address/port: host.docker.internal:9003. :-|
[71] [Step Debug] ERR: Time-out connecting to debugging client, waited: 200 ms. Tried: host.docker.internal:9003 (fallback through xdebug.client_host/xdebug.client_port) :-(
[71] [Step Debug] INFO: Checking remote connect back address.
[71] [Step Debug] INFO: Checking header 'HTTP_X_FORWARDED_FOR'.
[71] [Step Debug] INFO: Checking header 'REMOTE_ADDR'.
[71] [Step Debug] WARN: Could not discover client host through HTTP headers, connecting to configured address/port: host.docker.internal:9003. :-|
[71] [Step Debug] ERR: Time-out connecting to debugging client, waited: 200 ms. Tried: host.docker.internal:9003 (fallback through xdebug.client_host/xdebug.client_port) :-(
[71] [Step Debug] INFO: Checking remote connect back address.
[71] [Step Debug] INFO: Checking header 'HTTP_X_FORWARDED_FOR'.
[71] [Step Debug] INFO: Checking header 'REMOTE_ADDR'.
[71] [Step Debug] WARN: Could not discover client host through HTTP headers, connecting to configured address/port: host.docker.internal:9003. :-|
[71] [Step Debug] ERR: Time-out connecting to debugging client, waited: 200 ms. Tried: host.docker.internal:9003 (fallback through xdebug.client_host/xdebug.client_port) :-(
[71] Log closed at 2021-05-30 15:32:15.248116

[75] Log opened at 2021-05-30 15:32:50.860759
[75] [Step Debug] INFO: Checking remote connect back address.
[75] [Step Debug] INFO: Checking header 'HTTP_X_FORWARDED_FOR'.
[75] [Step Debug] INFO: Checking header 'REMOTE_ADDR'.
[75] [Step Debug] WARN: Could not discover client host through HTTP headers, connecting to configured address/port: host.docker.internal:9003. :-|
[75] [Step Debug] ERR: Time-out connecting to debugging client, waited: 200 ms. Tried: host.docker.internal:9003 (fallback through xdebug.client_host/xdebug.client_port) :-(
[75] [Step Debug] INFO: Checking remote connect back address.
[75] [Step Debug] INFO: Checking header 'HTTP_X_FORWARDED_FOR'.
[75] [Step Debug] INFO: Checking header 'REMOTE_ADDR'.
[75] [Step Debug] WARN: Could not discover client host through HTTP headers, connecting to configured address/port: host.docker.internal:9003. :-|
[75] [Step Debug] ERR: Time-out connecting to debugging client, waited: 200 ms. Tried: host.docker.internal:9003 (fallback through xdebug.client_host/xdebug.client_port) :-(
[75] [Step Debug] INFO: Checking remote connect back address.
[75] [Step Debug] INFO: Checking header 'HTTP_X_FORWARDED_FOR'.
[75] [Step Debug] INFO: Checking header 'REMOTE_ADDR'.
[75] [Step Debug] WARN: Could not discover client host through HTTP headers, connecting to configured address/port: host.docker.internal:9003. :-|
[75] [Step Debug] ERR: Time-out connecting to debugging client, waited: 200 ms. Tried: host.docker.internal:9003 (fallback through xdebug.client_host/xdebug.client_port) :-(
[75] Log closed at 2021-05-30 15:32:51.952069

[79] Log opened at 2021-05-30 15:32:53.198410
[79] [Step Debug] INFO: Checking remote connect back address.
[79] [Step Debug] INFO: Checking header 'HTTP_X_FORWARDED_FOR'.
[79] [Step Debug] INFO: Checking header 'REMOTE_ADDR'.
[79] [Step Debug] WARN: Could not discover client host through HTTP headers, connecting to configured address/port: host.docker.internal:9003. :-|
[79] [Step Debug] ERR: Time-out connecting to debugging client, waited: 200 ms. Tried: host.docker.internal:9003 (fallback through xdebug.client_host/xdebug.client_port) :-(
[79] [Step Debug] INFO: Checking remote connect back address.
[79] [Step Debug] INFO: Checking header 'HTTP_X_FORWARDED_FOR'.
[79] [Step Debug] INFO: Checking header 'REMOTE_ADDR'.
[79] [Step Debug] WARN: Could not discover client host through HTTP headers, connecting to configured address/port: host.docker.internal:9003. :-|
[79] [Step Debug] ERR: Time-out connecting to debugging client, waited: 200 ms. Tried: host.docker.internal:9003 (fallback through xdebug.client_host/xdebug.client_port) :-(
[79] [Step Debug] INFO: Checking remote connect back address.
[79] [Step Debug] INFO: Checking header 'HTTP_X_FORWARDED_FOR'.
[79] [Step Debug] INFO: Checking header 'REMOTE_ADDR'.
[79] [Step Debug] WARN: Could not discover client host through HTTP headers, connecting to configured address/port: host.docker.internal:9003. :-|
[79] [Step Debug] ERR: Time-out connecting to debugging client, waited: 200 ms. Tried: host.docker.internal:9003 (fallback through xdebug.client_host/xdebug.client_port) :-(
[79] [Step Debug] INFO: Checking remote connect back address.
[79] [Step Debug] INFO: Checking header 'HTTP_X_FORWARDED_FOR'.
[79] [Step Debug] INFO: Checking header 'REMOTE_ADDR'.
[79] [Step Debug] WARN: Could not discover client host through HTTP headers, connecting to configured address/port: host.docker.internal:9003. :-|
[79] [Step Debug] ERR: Time-out connecting to debugging client, waited: 200 ms. Tried: host.docker.internal:9003 (fallback through xdebug.client_host/xdebug.client_port) :-(
[79] [Step Debug] INFO: Checking remote connect back address.
[79] [Step Debug] INFO: Checking header 'HTTP_X_FORWARDED_FOR'.
[79] [Step Debug] INFO: Checking header 'REMOTE_ADDR'.
[79] [Step Debug] WARN: Could not discover client host through HTTP headers, connecting to configured address/port: host.docker.internal:9003. :-|
[79] [Step Debug] ERR: Time-out connecting to debugging client, waited: 200 ms. Tried: host.docker.internal:9003 (fallback through xdebug.client_host/xdebug.client_port) :-(
[79] Log closed at 2021-05-30 15:32:54.775763

[83] Log opened at 2021-05-30 15:33:03.812667
[83] [Step Debug] INFO: Checking remote connect back address.
[83] [Step Debug] INFO: Checking header 'HTTP_X_FORWARDED_FOR'.
[83] [Step Debug] INFO: Checking header 'REMOTE_ADDR'.
[83] [Step Debug] WARN: Could not discover client host through HTTP headers, connecting to configured address/port: host.docker.internal:9003. :-|
[83] [Step Debug] ERR: Time-out connecting to debugging client, waited: 200 ms. Tried: host.docker.internal:9003 (fallback through xdebug.client_host/xdebug.client_port) :-(
[83] [Step Debug] INFO: Checking remote connect back address.
[83] [Step Debug] INFO: Checking header 'HTTP_X_FORWARDED_FOR'.
[83] [Step Debug] INFO: Checking header 'REMOTE_ADDR'.
[83] [Step Debug] WARN: Could not discover client host through HTTP headers, connecting to configured address/port: host.docker.internal:9003. :-|
[83] [Step Debug] ERR: Time-out connecting to debugging client, waited: 200 ms. Tried: host.docker.internal:9003 (fallback through xdebug.client_host/xdebug.client_port) :-(
[83] [Step Debug] INFO: Checking remote connect back address.
[83] [Step Debug] INFO: Checking header 'HTTP_X_FORWARDED_FOR'.
[83] [Step Debug] INFO: Checking header 'REMOTE_ADDR'.
[83] [Step Debug] WARN: Could not discover client host through HTTP headers, connecting to configured address/port: host.docker.internal:9003. :-|
[83] [Step Debug] ERR: Time-out connecting to debugging client, waited: 200 ms. Tried: host.docker.internal:9003 (fallback through xdebug.client_host/xdebug.client_port) :-(
[83] [Step Debug] INFO: Checking remote connect back address.
[83] [Step Debug] INFO: Checking header 'HTTP_X_FORWARDED_FOR'.
[83] [Step Debug] INFO: Checking header 'REMOTE_ADDR'.
[83] [Step Debug] WARN: Could not discover client host through HTTP headers, connecting to configured address/port: host.docker.internal:9003. :-|
[83] [Step Debug] ERR: Time-out connecting to debugging client, waited: 200 ms. Tried: host.docker.internal:9003 (fallback through xdebug.client_host/xdebug.client_port) :-(
[83] [Step Debug] INFO: Checking remote connect back address.
[83] [Step Debug] INFO: Checking header 'HTTP_X_FORWARDED_FOR'.
[83] [Step Debug] INFO: Checking header 'REMOTE_ADDR'.
[83] [Step Debug] WARN: Could not discover client host through HTTP headers, connecting to configured address/port: host.docker.internal:9003. :-|
[83] [Step Debug] ERR: Time-out connecting to debugging client, waited: 200 ms. Tried: host.docker.internal:9003 (fallback through xdebug.client_host/xdebug.client_port) :-(
[83] Log closed at 2021-05-30 15:33:05.466407

[87] Log opened at 2021-05-30 15:33:07.071643
[87] [Step Debug] INFO: Checking remote connect back address.
[87] [Step Debug] INFO: Checking header 'HTTP_X_FORWARDED_FOR'.
[87] [Step Debug] INFO: Checking header 'REMOTE_ADDR'.
[87] [Step Debug] WARN: Could not discover client host through HTTP headers, connecting to configured address/port: host.docker.internal:9003. :-|
[87] [Step Debug] ERR: Time-out connecting to debugging client, waited: 200 ms. Tried: host.docker.internal:9003 (fallback through xdebug.client_host/xdebug.client_port) :-(
[87] [Step Debug] INFO: Checking remote connect back address.
[87] [Step Debug] INFO: Checking header 'HTTP_X_FORWARDED_FOR'.
[87] [Step Debug] INFO: Checking header 'REMOTE_ADDR'.
[87] [Step Debug] WARN: Could not discover client host through HTTP headers, connecting to configured address/port: host.docker.internal:9003. :-|
[87] [Step Debug] ERR: Time-out connecting to debugging client, waited: 200 ms. Tried: host.docker.internal:9003 (fallback through xdebug.client_host/xdebug.client_port) :-(
[87] [Step Debug] INFO: Checking remote connect back address.
[87] [Step Debug] INFO: Checking header 'HTTP_X_FORWARDED_FOR'.
[87] [Step Debug] INFO: Checking header 'REMOTE_ADDR'.
[87] [Step Debug] WARN: Could not discover client host through HTTP headers, connecting to configured address/port: host.docker.internal:9003. :-|
[87] [Step Debug] ERR: Time-out connecting to debugging client, waited: 200 ms. Tried: host.docker.internal:9003 (fallback through xdebug.client_host/xdebug.client_port) :-(
[87] Log closed at 2021-05-30 15:33:08.141772

[91] Log opened at 2021-05-30 15:33:09.294816
[91] [Step Debug] INFO: Checking remote connect back address.
[91] [Step Debug] INFO: Checking header 'HTTP_X_FORWARDED_FOR'.
[91] [Step Debug] INFO: Checking header 'REMOTE_ADDR'.
[91] [Step Debug] WARN: Could not discover client host through HTTP headers, connecting to configured address/port: host.docker.internal:9003. :-|
[91] [Step Debug] ERR: Time-out connecting to debugging client, waited: 200 ms. Tried: host.docker.internal:9003 (fallback through xdebug.client_host/xdebug.client_port) :-(
[91] [Step Debug] INFO: Checking remote connect back address.
[91] [Step Debug] INFO: Checking header 'HTTP_X_FORWARDED_FOR'.
[91] [Step Debug] INFO: Checking header 'REMOTE_ADDR'.
[91] [Step Debug] WARN: Could not discover client host through HTTP headers, connecting to configured address/port: host.docker.internal:9003. :-|
[91] [Step Debug] ERR: Time-out connecting to debugging client, waited: 200 ms. Tried: host.docker.internal:9003 (fallback through xdebug.client_host/xdebug.client_port) :-(
[91] [Step Debug] INFO: Checking remote connect back address.
[91] [Step Debug] INFO: Checking header 'HTTP_X_FORWARDED_FOR'.
[91] [Step Debug] INFO: Checking header 'REMOTE_ADDR'.
[91] [Step Debug] WARN: Could not discover client host through HTTP headers, connecting to configured address/port: host.docker.internal:9003. :-|
[91] [Step Debug] ERR: Time-out connecting to debugging client, waited: 200 ms. Tried: host.docker.internal:9003 (fallback through xdebug.client_host/xdebug.client_port) :-(
[91] [Step Debug] INFO: Checking remote connect back address.
[91] [Step Debug] INFO: Checking header 'HTTP_X_FORWARDED_FOR'.
[91] [Step Debug] INFO: Checking header 'REMOTE_ADDR'.
[91] [Step Debug] WARN: Could not discover client host through HTTP headers, connecting to configured address/port: host.docker.internal:9003. :-|
[91] [Step Debug] ERR: Time-out connecting to debugging client, waited: 200 ms. Tried: host.docker.internal:9003 (fallback through xdebug.client_host/xdebug.client_port) :-(
[91] [Step Debug] INFO: Checking remote connect back address.
[91] [Step Debug] INFO: Checking header 'HTTP_X_FORWARDED_FOR'.
[91] [Step Debug] INFO: Checking header 'REMOTE_ADDR'.
[91] [Step Debug] WARN: Could not discover client host through HTTP headers, connecting to configured address/port: host.docker.internal:9003. :-|
[91] [Step Debug] ERR: Time-out connecting to debugging client, waited: 200 ms. Tried: host.docker.internal:9003 (fallback through xdebug.client_host/xdebug.client_port) :-(
[91] Log closed at 2021-05-30 15:33:10.876304

[95] Log opened at 2021-05-30 15:33:14.851591
[95] [Step Debug] INFO: Checking remote connect back address.
[95] [Step Debug] INFO: Checking header 'HTTP_X_FORWARDED_FOR'.
[95] [Step Debug] INFO: Checking header 'REMOTE_ADDR'.
[95] [Step Debug] WARN: Could not discover client host through HTTP headers, connecting to configured address/port: host.docker.internal:9003. :-|
[95] [Step Debug] ERR: Time-out connecting to debugging client, waited: 200 ms. Tried: host.docker.internal:9003 (fallback through xdebug.client_host/xdebug.client_port) :-(
[95] [Step Debug] INFO: Checking remote connect back address.
[95] [Step Debug] INFO: Checking header 'HTTP_X_FORWARDED_FOR'.
[95] [Step Debug] INFO: Checking header 'REMOTE_ADDR'.
[95] [Step Debug] WARN: Could not discover client host through HTTP headers, connecting to configured address/port: host.docker.internal:9003. :-|
[95] [Step Debug] ERR: Time-out connecting to debugging client, waited: 200 ms. Tried: host.docker.internal:9003 (fallback through xdebug.client_host/xdebug.client_port) :-(
[95] [Step Debug] INFO: Checking remote connect back address.
[95] [Step Debug] INFO: Checking header 'HTTP_X_FORWARDED_FOR'.
[95] [Step Debug] INFO: Checking header 'REMOTE_ADDR'.
[95] [Step Debug] WARN: Could not discover client host through HTTP headers, connecting to configured address/port: host.docker.internal:9003. :-|
[95] [Step Debug] ERR: Time-out connecting to debugging client, waited: 200 ms. Tried: host.docker.internal:9003 (fallback through xdebug.client_host/xdebug.client_port) :-(
[95] Log closed at 2021-05-30 15:33:15.974949

[99] Log opened at 2021-05-30 15:34:30.919445
[99] [Step Debug] INFO: Checking remote connect back address.
[99] [Step Debug] INFO: Checking header 'HTTP_X_FORWARDED_FOR'.
[99] [Step Debug] INFO: Checking header 'REMOTE_ADDR'.
[99] [Step Debug] WARN: Could not discover client host through HTTP headers, connecting to configured address/port: host.docker.internal:9003. :-|
[99] [Step Debug] ERR: Time-out connecting to debugging client, waited: 200 ms. Tried: host.docker.internal:9003 (fallback through xdebug.client_host/xdebug.client_port) :-(
[99] [Step Debug] INFO: Checking remote connect back address.
[99] [Step Debug] INFO: Checking header 'HTTP_X_FORWARDED_FOR'.
[99] [Step Debug] INFO: Checking header 'REMOTE_ADDR'.
[99] [Step Debug] WARN: Could not discover client host through HTTP headers, connecting to configured address/port: host.docker.internal:9003. :-|
[99] [Step Debug] ERR: Time-out connecting to debugging client, waited: 200 ms. Tried: host.docker.internal:9003 (fallback through xdebug.client_host/xdebug.client_port) :-(
[99] [Step Debug] INFO: Checking remote connect back address.
[99] [Step Debug] INFO: Checking header 'HTTP_X_FORWARDED_FOR'.
[99] [Step Debug] INFO: Checking header 'REMOTE_ADDR'.
[99] [Step Debug] WARN: Could not discover client host through HTTP headers, connecting to configured address/port: host.docker.internal:9003. :-|
[99] [Step Debug] ERR: Time-out connecting to debugging client, waited: 200 ms. Tried: host.docker.internal:9003 (fallback through xdebug.client_host/xdebug.client_port) :-(
[99] Log closed at 2021-05-30 15:34:32.251620

